<?xml version="1.0" encoding="UTF-8"?>
<!-- Generated by org.testng.reporters.JUnitXMLReporter -->
<testsuite hostname="DESKTOP-G2E94QN" ignored="0" name="Test" tests="3" failures="0" timestamp="03 Jun 2017 05:45:36 GMT" time="37.134" errors="0">
  <testcase name="demoTestCase" time="16.555" classname="Package1.TC_003"/>
  <testcase name="demoTestCase" time="10.159" classname="Package1.TC_001"/>
  <testcase name="demoTestCase" time="10.397" classname="Package1.TC_002"/>
</testsuite> <!-- Test -->
