<?xml version="1.0" encoding="UTF-8"?>
<testng-results skipped="0" failed="0" ignored="0" total="3" passed="3">
  <reporter-output>
  </reporter-output>
  <suite name="Suite" duration-ms="37134" started-at="2017-06-03T05:44:59Z" finished-at="2017-06-03T05:45:36Z">
    <groups>
    </groups>
    <test name="Test" duration-ms="37134" started-at="2017-06-03T05:44:59Z" finished-at="2017-06-03T05:45:36Z">
      <class name="Package1.TC_002">
        <test-method status="PASS" signature="demoTestCase()[pri:0, instance:Package1.TC_002@64616ca2]" name="demoTestCase" duration-ms="10397" started-at="2017-06-03T11:15:25Z" finished-at="2017-06-03T11:15:36Z">
          <reporter-output>
          </reporter-output>
        </test-method> <!-- demoTestCase -->
      </class> <!-- Package1.TC_002 -->
      <class name="Package1.TC_001">
        <test-method status="PASS" signature="demoTestCase()[pri:0, instance:Package1.TC_001@3b81a1bc]" name="demoTestCase" duration-ms="10159" started-at="2017-06-03T11:15:15Z" finished-at="2017-06-03T11:15:25Z">
          <reporter-output>
          </reporter-output>
        </test-method> <!-- demoTestCase -->
      </class> <!-- Package1.TC_001 -->
      <class name="Package1.TC_003">
        <test-method status="PASS" signature="demoTestCase()[pri:0, instance:Package1.TC_003@42d3bd8b]" name="demoTestCase" duration-ms="16555" started-at="2017-06-03T11:14:59Z" finished-at="2017-06-03T11:15:15Z">
          <reporter-output>
          </reporter-output>
        </test-method> <!-- demoTestCase -->
      </class> <!-- Package1.TC_003 -->
    </test> <!-- Test -->
  </suite> <!-- Suite -->
</testng-results>
